beagle.25Nov19.28d.jar (version 5.1)
Copyright (C) 2014-2018 Brian L. Browning
Enter "java -jar beagle.25Nov19.28d.jar" to list command line argument
Start time: 12:00 PM MST on 08 Mar 2021

Command line: java -Xmx2048m -jar beagle.25Nov19.28d.jar
  gt=full_cyp2a6_egfr.stargazer-genotype.project/phaseme.vcf
  chrom=19:41339442-41396352
  ref=/Users/wroblewt/Software/Stargazer/1kgp_vcf/cyp2a6.vcf.gz
  out=full_cyp2a6_egfr.stargazer-genotype.project/phased
  impute=false

No genetic map is specified: using 1 cM = 1 Mb

Reference samples:       2,504
Study samples:               4

Window 1 (19:41339837-41395851)
Reference markers:         197
Study markers:             197

Burnin  iteration 1:           0 seconds
Burnin  iteration 2:           0 seconds
Burnin  iteration 3:           0 seconds
Burnin  iteration 4:           0 seconds
Burnin  iteration 5:           0 seconds
Burnin  iteration 6:           0 seconds

Phasing iteration 1:           0 seconds
Phasing iteration 2:           0 seconds
Phasing iteration 3:           0 seconds
Phasing iteration 4:           0 seconds
Phasing iteration 5:           0 seconds
Phasing iteration 6:           0 seconds
Phasing iteration 7:           0 seconds
Phasing iteration 8:           0 seconds
Phasing iteration 9:           0 seconds
Phasing iteration 10:          0 seconds
Phasing iteration 11:          0 seconds
Phasing iteration 12:          0 seconds

Cumulative Statistics:

Study markers:             197

Haplotype phasing time:        0 seconds
Total time:                    1 second

End time: 12:00 PM MST on 08 Mar 2021
beagle.25Nov19.28d.jar finished
